<?xml version="1.0" encoding="UTF-8"?>
<!-- Generated by org.testng.reporters.JUnitXMLReporter -->
<testsuite ignored="0" hostname="Eng-Mostafa-Salah" failures="0" tests="2" name="Surefire test" time="109.661" errors="0" timestamp="2026-05-05T16:07:13 EEST">
  <testcase classname="tests.CheckoutTest" name="fullFlowTest" time="65.096">
    <skipped/>
  </testcase> <!-- fullFlowTest -->
  <testcase classname="tests.CheckoutTest" name="fullFlowTest" time="13.364"/>
</testsuite> <!-- Surefire test -->
