<?xml version="1.0" encoding="UTF-8"?>
<!-- Generated by org.testng.reporters.JUnitReportReporter -->
<testsuite hostname="Eng-Mostafa-Salah" failures="0" tests="2" name="tests.CheckoutTest" time="109.528" errors="0" timestamp="2026-05-05T16:07:13 EEST" skipped="1">
  <testcase classname="tests.CheckoutTest" name="fullFlowTest" time="22.693"/>
  <testcase classname="tests.CheckoutTest" name="fullFlowTest" time="86.835">
    <skipped/>
  </testcase> <!-- fullFlowTest -->
</testsuite> <!-- tests.CheckoutTest -->
